<?xml version="1.0" encoding="UTF-8"?>
<!-- Generated by org.testng.reporters.JUnitReportReporter -->
<testsuite hostname="Gateway-of-India" failures="0" tests="1" name="com.Actitime.Testscripts.CreateCustomer" time="9.966" errors="0" timestamp="2023-06-05T09:56:10 IST" skipped="0">
  <testcase classname="com.Actitime.Testscripts.CreateCustomer" name="createcustomer" time="9.966"/>
  <system-out/>
</testsuite> <!-- com.Actitime.Testscripts.CreateCustomer -->
